<?xml version="1.0" encoding="UTF-8"?>
<!-- Generated by org.testng.reporters.JUnitReportReporter -->
<testsuite hostname="DESKTOP-PGVN12O" failures="0" tests="1" name="TestPack.TestNG" time="17.068" errors="0" timestamp="2022-09-20T23:12:56 IST" skipped="0">
  <testcase classname="TestPack.TestNG" name="test" time="17.068"/>
  <system-out/>
</testsuite> <!-- TestPack.TestNG -->
